19:45:32.746 [main] INFO  testCases.TC001_AccountRegistrationTest - Validating Expected Message...
19:45:32.800 [main] INFO  testCases.TC001_AccountRegistrationTest - Finished TC001_AccountRegistrationTest
19:45:36.145 [main] INFO  testCases.TC002_LoginTest - Executing TC002_LoginTest
19:45:36.309 [main] INFO  testCases.TC002_LoginTest - Clicked on MyAccount Link...
19:45:36.627 [main] INFO  testCases.TC002_LoginTest - Clicked on Login Link...
19:45:36.628 [main] INFO  testCases.TC002_LoginTest - Providing EMailID...
19:45:36.805 [main] INFO  testCases.TC002_LoginTest - Providing Password...
19:45:36.865 [main] INFO  testCases.TC002_LoginTest - Clicking on Login Button
19:45:36.923 [main] INFO  testCases.TC002_LoginTest - Checking My Account Page Exists or Not
19:45:37.658 [main] INFO  testCases.TC002_LoginTest - Finished TC002_LoginTest
19:46:22.729 [main] DEBUG org.testng.TestNG - suiteXmlPath: "D:\Java\seleniumwebdriver\OpencartV121\master.xml"
19:46:27.094 [main] INFO  testCases.TC001_AccountRegistrationTest - Executing TC001_AccountRegistrationTest
19:46:27.227 [main] INFO  testCases.TC001_AccountRegistrationTest - Clicked on MyAccount Link...
19:46:27.823 [main] INFO  testCases.TC001_AccountRegistrationTest - Clicked on Account Registration...
19:46:27.825 [main] INFO  testCases.TC001_AccountRegistrationTest - Providing Customer Details...
19:46:29.314 [main] INFO  testCases.TC001_AccountRegistrationTest - Validating Expected Message...
19:46:29.357 [main] INFO  testCases.TC001_AccountRegistrationTest - Finished TC001_AccountRegistrationTest
19:46:33.267 [main] INFO  testCases.TC002_LoginTest - Executing TC002_LoginTest
19:46:33.579 [main] INFO  testCases.TC002_LoginTest - Clicked on MyAccount Link...
19:46:33.879 [main] INFO  testCases.TC002_LoginTest - Clicked on Login Link...
19:46:33.881 [main] INFO  testCases.TC002_LoginTest - Providing EMailID...
19:46:34.070 [main] INFO  testCases.TC002_LoginTest - Providing Password...
19:46:34.137 [main] INFO  testCases.TC002_LoginTest - Clicking on Login Button
19:46:34.920 [main] INFO  testCases.TC002_LoginTest - Checking My Account Page Exists or Not
19:46:34.960 [main] INFO  testCases.TC002_LoginTest - Finished TC002_LoginTest
20:26:00.475 [main] DEBUG org.testng.TestNG - suiteXmlPath: "D:\Java\seleniumwebdriver\OpencartV121\master.xml"
20:26:06.614 [main] INFO  testCases.TC001_AccountRegistrationTest - Executing TC001_AccountRegistrationTest
20:26:06.966 [main] INFO  testCases.TC001_AccountRegistrationTest - Clicked on MyAccount Link...
20:26:07.633 [main] INFO  testCases.TC001_AccountRegistrationTest - Clicked on Account Registration...
20:26:07.642 [main] INFO  testCases.TC001_AccountRegistrationTest - Providing Customer Details...
20:26:09.731 [main] INFO  testCases.TC001_AccountRegistrationTest - Validating Expected Message...
20:26:09.818 [main] INFO  testCases.TC001_AccountRegistrationTest - Finished TC001_AccountRegistrationTest
20:26:14.613 [main] INFO  testCases.TC002_LoginTest - Executing TC002_LoginTest
20:26:14.772 [main] INFO  testCases.TC002_LoginTest - Clicked on MyAccount Link...
20:26:15.254 [main] INFO  testCases.TC002_LoginTest - Clicked on Login Link...
20:26:15.256 [main] INFO  testCases.TC002_LoginTest - Providing EMailID...
20:26:15.549 [main] INFO  testCases.TC002_LoginTest - Providing Password...
20:26:15.686 [main] INFO  testCases.TC002_LoginTest - Clicking on Login Button
20:26:16.715 [main] INFO  testCases.TC002_LoginTest - Checking My Account Page Exists or Not
20:26:16.819 [main] INFO  testCases.TC002_LoginTest - Finished TC002_LoginTest
20:26:43.448 [main] DEBUG org.testng.TestNG - suiteXmlPath: "D:\Java\seleniumwebdriver\OpencartV121\master.xml"
20:26:48.773 [main] INFO  testCases.TC001_AccountRegistrationTest - Executing TC001_AccountRegistrationTest
20:26:49.414 [main] INFO  testCases.TC001_AccountRegistrationTest - Clicked on MyAccount Link...
20:26:50.025 [main] INFO  testCases.TC001_AccountRegistrationTest - Clicked on Account Registration...
20:26:50.025 [main] INFO  testCases.TC001_AccountRegistrationTest - Providing Customer Details...
20:26:52.438 [main] INFO  testCases.TC001_AccountRegistrationTest - Validating Expected Message...
20:26:52.506 [main] INFO  testCases.TC001_AccountRegistrationTest - Finished TC001_AccountRegistrationTest
20:26:57.142 [main] INFO  testCases.TC002_LoginTest - Executing TC002_LoginTest
20:26:57.717 [main] INFO  testCases.TC002_LoginTest - Clicked on MyAccount Link...
20:26:58.135 [main] INFO  testCases.TC002_LoginTest - Clicked on Login Link...
20:26:58.140 [main] INFO  testCases.TC002_LoginTest - Providing EMailID...
20:26:58.436 [main] INFO  testCases.TC002_LoginTest - Providing Password...
20:26:58.565 [main] INFO  testCases.TC002_LoginTest - Clicking on Login Button
20:26:59.605 [main] INFO  testCases.TC002_LoginTest - Checking My Account Page Exists or Not
20:26:59.673 [main] INFO  testCases.TC002_LoginTest - Finished TC002_LoginTest
20:41:32.676 [main] DEBUG org.testng.TestNG - suiteXmlPath: "D:\Java\seleniumwebdriver\OpencartV121\master.xml"
20:41:44.685 [main] INFO  testCases.TC001_AccountRegistrationTest - Executing TC001_AccountRegistrationTest
20:41:44.817 [main] INFO  testCases.TC001_AccountRegistrationTest - Clicked on MyAccount Link...
20:41:45.451 [main] INFO  testCases.TC001_AccountRegistrationTest - Clicked on Account Registration...
20:41:45.459 [main] INFO  testCases.TC001_AccountRegistrationTest - Providing Customer Details...
20:41:46.947 [main] INFO  testCases.TC001_AccountRegistrationTest - Validating Expected Message...
20:41:47.000 [main] INFO  testCases.TC001_AccountRegistrationTest - Finished TC001_AccountRegistrationTest
20:41:50.262 [main] INFO  testCases.TC002_LoginTest - Executing TC002_LoginTest
20:41:50.479 [main] INFO  testCases.TC002_LoginTest - Clicked on MyAccount Link...
20:41:50.780 [main] INFO  testCases.TC002_LoginTest - Clicked on Login Link...
20:41:50.787 [main] INFO  testCases.TC002_LoginTest - Providing EMailID...
20:41:50.920 [main] INFO  testCases.TC002_LoginTest - Providing Password...
20:41:50.981 [main] INFO  testCases.TC002_LoginTest - Clicking on Login Button
20:41:51.049 [main] INFO  testCases.TC002_LoginTest - Checking My Account Page Exists or Not
20:41:51.777 [main] INFO  testCases.TC002_LoginTest - Finished TC002_LoginTest
10:16:36.781 [main] DEBUG org.testng.TestNG - suiteXmlPath: "D:\Java\seleniumwebdriver\OpencartV121\master.xml"
10:16:47.009 [main] INFO  testCases.TC001_AccountRegistrationTest - Executing TC001_AccountRegistrationTest
10:16:47.486 [main] INFO  testCases.TC001_AccountRegistrationTest - Clicked on MyAccount Link...
10:16:48.024 [main] INFO  testCases.TC001_AccountRegistrationTest - Clicked on Account Registration...
10:16:48.027 [main] INFO  testCases.TC001_AccountRegistrationTest - Providing Customer Details...
10:16:50.472 [main] INFO  testCases.TC001_AccountRegistrationTest - Validating Expected Message...
10:16:50.536 [main] INFO  testCases.TC001_AccountRegistrationTest - Finished TC001_AccountRegistrationTest
10:16:54.986 [main] INFO  testCases.TC002_LoginTest - Executing TC002_LoginTest
10:16:55.496 [main] INFO  testCases.TC002_LoginTest - Clicked on MyAccount Link...
10:16:55.879 [main] INFO  testCases.TC002_LoginTest - Clicked on Login Link...
10:16:55.883 [main] INFO  testCases.TC002_LoginTest - Providing EMailID...
10:16:56.198 [main] INFO  testCases.TC002_LoginTest - Providing Password...
10:16:56.322 [main] INFO  testCases.TC002_LoginTest - Clicking on Login Button
10:16:56.482 [main] INFO  testCases.TC002_LoginTest - Checking My Account Page Exists or Not
10:16:57.261 [main] INFO  testCases.TC002_LoginTest - Finished TC002_LoginTest
