18:16:13.870 [main] INFO  testCases.TC002_LoginTest - Providing EMailID...
18:16:14.035 [main] INFO  testCases.TC002_LoginTest - Providing Password...
18:16:14.080 [main] INFO  testCases.TC002_LoginTest - Clicking on Login Button
18:16:14.143 [main] INFO  testCases.TC002_LoginTest - Checking My Account Page Exists or Not
18:16:14.893 [main] INFO  testCases.TC002_LoginTest - Finished TC002_LoginTest
18:19:07.523 [main] DEBUG org.testng.TestNG - suiteXmlPath: "D:\Java\seleniumwebdriver\OpencartV121\master.xml"
18:19:08.382 [main] INFO  org.testng.internal.Utils - [TestNG] Running:
  D:\Java\seleniumwebdriver\OpencartV121\master.xml

18:19:17.511 [main] INFO  testCases.TC001_AccountRegistrationTest - Executing TC001_AccountRegistrationTest
18:19:17.854 [main] INFO  testCases.TC001_AccountRegistrationTest - Clicked on MyAccount Link...
18:19:18.578 [main] INFO  testCases.TC001_AccountRegistrationTest - Clicked on Account Registration...
18:19:18.589 [main] INFO  testCases.TC001_AccountRegistrationTest - Providing Customer Details...
18:19:21.491 [main] INFO  testCases.TC001_AccountRegistrationTest - Validating Expected Message...
18:19:21.597 [main] INFO  testCases.TC001_AccountRegistrationTest - Finished TC001_AccountRegistrationTest
18:19:27.319 [main] INFO  testCases.TC002_LoginTest - Executing TC002_LoginTest
18:19:27.969 [main] INFO  testCases.TC002_LoginTest - Clicked on MyAccount Link...
18:19:28.636 [main] INFO  testCases.TC002_LoginTest - Clicked on Login Link...
18:19:28.638 [main] INFO  testCases.TC002_LoginTest - Providing EMailID...
18:19:28.994 [main] INFO  testCases.TC002_LoginTest - Providing Password...
18:19:29.172 [main] INFO  testCases.TC002_LoginTest - Clicking on Login Button
18:19:29.423 [main] INFO  testCases.TC002_LoginTest - Checking My Account Page Exists or Not
18:19:30.274 [main] INFO  testCases.TC002_LoginTest - Finished TC002_LoginTest
18:19:43.738 [main] DEBUG org.testng.TestNG - suiteXmlPath: "D:\Java\seleniumwebdriver\OpencartV121\master.xml"
18:19:44.631 [main] INFO  org.testng.internal.Utils - [TestNG] Running:
  D:\Java\seleniumwebdriver\OpencartV121\master.xml

18:19:51.307 [main] INFO  testCases.TC001_AccountRegistrationTest - Executing TC001_AccountRegistrationTest
18:19:51.744 [main] INFO  testCases.TC001_AccountRegistrationTest - Clicked on MyAccount Link...
18:19:52.451 [main] INFO  testCases.TC001_AccountRegistrationTest - Clicked on Account Registration...
18:19:52.459 [main] INFO  testCases.TC001_AccountRegistrationTest - Providing Customer Details...
18:19:55.345 [main] INFO  testCases.TC001_AccountRegistrationTest - Validating Expected Message...
18:19:55.419 [main] INFO  testCases.TC001_AccountRegistrationTest - Finished TC001_AccountRegistrationTest
18:20:01.700 [main] INFO  testCases.TC002_LoginTest - Executing TC002_LoginTest
18:20:02.188 [main] INFO  testCases.TC002_LoginTest - Clicked on MyAccount Link...
18:20:03.384 [main] INFO  testCases.TC002_LoginTest - Clicked on Login Link...
18:20:03.389 [main] INFO  testCases.TC002_LoginTest - Providing EMailID...
18:20:03.685 [main] INFO  testCases.TC002_LoginTest - Providing Password...
18:20:03.837 [main] INFO  testCases.TC002_LoginTest - Clicking on Login Button
18:20:08.448 [main] INFO  testCases.TC002_LoginTest - Checking My Account Page Exists or Not
18:20:08.559 [main] INFO  testCases.TC002_LoginTest - Finished TC002_LoginTest
18:21:19.788 [main] DEBUG org.testng.TestNG - suiteXmlPath: "D:\Java\seleniumwebdriver\OpencartV121\crossbrowsertesting.xml"
18:21:20.632 [main] INFO  org.testng.internal.Utils - [TestNG] Running:
  D:\Java\seleniumwebdriver\OpencartV121\crossbrowsertesting.xml

18:21:20.965 [TestNG-tests-3] INFO  testCases.TC001_AccountRegistrationTest - Executing TC001_AccountRegistrationTest
18:21:27.066 [TestNG-tests-1] INFO  testCases.TC001_AccountRegistrationTest - Executing TC001_AccountRegistrationTest
18:21:27.562 [TestNG-tests-1] INFO  testCases.TC001_AccountRegistrationTest - Clicked on MyAccount Link...
18:21:28.206 [TestNG-tests-1] INFO  testCases.TC001_AccountRegistrationTest - Clicked on Account Registration...
18:21:28.215 [TestNG-tests-1] INFO  testCases.TC001_AccountRegistrationTest - Providing Customer Details...
18:21:30.841 [TestNG-tests-1] INFO  testCases.TC001_AccountRegistrationTest - Validating Expected Message...
18:21:30.954 [TestNG-tests-1] INFO  testCases.TC001_AccountRegistrationTest - Finished TC001_AccountRegistrationTest
18:22:11.130 [TestNG-tests-2] INFO  testCases.TC001_AccountRegistrationTest - Executing TC001_AccountRegistrationTest
18:22:11.489 [TestNG-tests-2] INFO  testCases.TC001_AccountRegistrationTest - Clicked on MyAccount Link...
18:22:12.510 [TestNG-tests-2] INFO  testCases.TC001_AccountRegistrationTest - Clicked on Account Registration...
18:22:12.510 [TestNG-tests-2] INFO  testCases.TC001_AccountRegistrationTest - Providing Customer Details...
18:22:15.891 [TestNG-tests-2] INFO  testCases.TC001_AccountRegistrationTest - Validating Expected Message...
18:22:16.129 [TestNG-tests-2] INFO  testCases.TC001_AccountRegistrationTest - Finished TC001_AccountRegistrationTest
20:20:45.420 [main] DEBUG org.testng.TestNG - suiteXmlPath: "D:\Java\seleniumwebdriver\OpencartV121\master.xml"
20:20:45.788 [main] INFO  org.testng.internal.Utils - [TestNG] Running:
  D:\Java\seleniumwebdriver\OpencartV121\master.xml

20:20:57.575 [main] INFO  testCases.TC001_AccountRegistrationTest - Executing TC001_AccountRegistrationTest
20:20:58.183 [main] INFO  testCases.TC001_AccountRegistrationTest - Clicked on MyAccount Link...
20:20:59.199 [main] INFO  testCases.TC001_AccountRegistrationTest - Clicked on Account Registration...
20:20:59.209 [main] INFO  testCases.TC001_AccountRegistrationTest - Providing Customer Details...
20:21:02.227 [main] INFO  testCases.TC001_AccountRegistrationTest - Validating Expected Message...
20:21:02.296 [main] INFO  testCases.TC001_AccountRegistrationTest - Finished TC001_AccountRegistrationTest
20:21:07.307 [main] INFO  testCases.TC002_LoginTest - Executing TC002_LoginTest
20:21:07.543 [main] INFO  testCases.TC002_LoginTest - Clicked on MyAccount Link...
20:21:07.890 [main] INFO  testCases.TC002_LoginTest - Clicked on Login Link...
20:21:07.893 [main] INFO  testCases.TC002_LoginTest - Providing EMailID...
20:21:08.186 [main] INFO  testCases.TC002_LoginTest - Providing Password...
20:21:08.351 [main] INFO  testCases.TC002_LoginTest - Clicking on Login Button
20:21:09.365 [main] INFO  testCases.TC002_LoginTest - Checking My Account Page Exists or Not
20:21:09.444 [main] INFO  testCases.TC002_LoginTest - Finished TC002_LoginTest
20:21:33.142 [main] DEBUG org.testng.TestNG - suiteXmlPath: "D:\Java\seleniumwebdriver\OpencartV121\master.xml"
20:21:33.578 [main] INFO  org.testng.internal.Utils - [TestNG] Running:
  D:\Java\seleniumwebdriver\OpencartV121\master.xml

20:21:38.515 [main] INFO  testCases.TC001_AccountRegistrationTest - Executing TC001_AccountRegistrationTest
20:21:38.938 [main] INFO  testCases.TC001_AccountRegistrationTest - Clicked on MyAccount Link...
20:21:39.564 [main] INFO  testCases.TC001_AccountRegistrationTest - Clicked on Account Registration...
20:21:39.581 [main] INFO  testCases.TC001_AccountRegistrationTest - Providing Customer Details...
20:21:42.210 [main] INFO  testCases.TC001_AccountRegistrationTest - Validating Expected Message...
20:21:42.273 [main] INFO  testCases.TC001_AccountRegistrationTest - Finished TC001_AccountRegistrationTest
20:21:47.869 [main] INFO  testCases.TC002_LoginTest - Executing TC002_LoginTest
20:21:48.054 [main] INFO  testCases.TC002_LoginTest - Clicked on MyAccount Link...
20:21:48.550 [main] INFO  testCases.TC002_LoginTest - Clicked on Login Link...
20:21:48.569 [main] INFO  testCases.TC002_LoginTest - Providing EMailID...
20:21:48.884 [main] INFO  testCases.TC002_LoginTest - Providing Password...
20:21:49.033 [main] INFO  testCases.TC002_LoginTest - Clicking on Login Button
20:21:50.105 [main] INFO  testCases.TC002_LoginTest - Checking My Account Page Exists or Not
20:21:50.237 [main] INFO  testCases.TC002_LoginTest - Finished TC002_LoginTest
19:43:45.347 [main] DEBUG org.testng.TestNG - suiteXmlPath: "D:\Java\seleniumwebdriver\OpencartV121\master.xml"
19:43:52.780 [main] INFO  testCases.TC001_AccountRegistrationTest - Executing TC001_AccountRegistrationTest
19:43:52.928 [main] INFO  testCases.TC001_AccountRegistrationTest - Clicked on MyAccount Link...
19:43:53.482 [main] INFO  testCases.TC001_AccountRegistrationTest - Clicked on Account Registration...
19:43:53.483 [main] INFO  testCases.TC001_AccountRegistrationTest - Providing Customer Details...
19:43:55.314 [main] INFO  testCases.TC001_AccountRegistrationTest - Validating Expected Message...
19:43:55.364 [main] INFO  testCases.TC001_AccountRegistrationTest - Finished TC001_AccountRegistrationTest
19:43:58.642 [main] INFO  testCases.TC002_LoginTest - Executing TC002_LoginTest
19:43:58.855 [main] INFO  testCases.TC002_LoginTest - Clicked on MyAccount Link...
19:43:59.198 [main] INFO  testCases.TC002_LoginTest - Clicked on Login Link...
19:43:59.203 [main] INFO  testCases.TC002_LoginTest - Providing EMailID...
19:43:59.327 [main] INFO  testCases.TC002_LoginTest - Providing Password...
19:43:59.393 [main] INFO  testCases.TC002_LoginTest - Clicking on Login Button
19:43:59.458 [main] INFO  testCases.TC002_LoginTest - Checking My Account Page Exists or Not
19:44:00.192 [main] INFO  testCases.TC002_LoginTest - Finished TC002_LoginTest
19:45:24.393 [main] DEBUG org.testng.TestNG - suiteXmlPath: "D:\Java\seleniumwebdriver\OpencartV121\master.xml"
19:45:30.300 [main] INFO  testCases.TC001_AccountRegistrationTest - Executing TC001_AccountRegistrationTest
19:45:30.439 [main] INFO  testCases.TC001_AccountRegistrationTest - Clicked on MyAccount Link...
19:45:31.236 [main] INFO  testCases.TC001_AccountRegistrationTest - Clicked on Account Registration...
19:45:31.236 [main] INFO  testCases.TC001_AccountRegistrationTest - Providing Customer Details...
