12:36:26.997 [main] DEBUG org.testng.TestNG - suiteXmlPath: "D:\Java\seleniumwebdriver\OpencartV121\master.xml"
12:36:27.210 [main] INFO  org.testng.internal.Utils - [TestNG] Running:
  D:\Java\seleniumwebdriver\OpencartV121\master.xml

12:36:31.540 [main] INFO  testCases.TC001_AccountRegistrationTest - Executing TC001_AccountRegistrationTest
12:36:31.864 [main] INFO  testCases.TC001_AccountRegistrationTest - Clicked on MyAccount Link...
12:36:32.354 [main] INFO  testCases.TC001_AccountRegistrationTest - Clicked on Account Registration...
12:36:32.356 [main] INFO  testCases.TC001_AccountRegistrationTest - Providing Customer Details...
12:36:33.857 [main] INFO  testCases.TC001_AccountRegistrationTest - Validating Expected Message...
12:36:33.936 [main] INFO  testCases.TC001_AccountRegistrationTest - Finished TC001_AccountRegistrationTest
12:36:37.372 [main] INFO  testCases.TC002_LoginTest - Executing TC002_LoginTest
12:36:37.597 [main] INFO  testCases.TC002_LoginTest - Clicked on MyAccount Link...
12:36:37.903 [main] INFO  testCases.TC002_LoginTest - Clicked on Login Link...
12:36:37.922 [main] INFO  testCases.TC002_LoginTest - Providing EMailID...
12:36:38.091 [main] INFO  testCases.TC002_LoginTest - Providing Password...
12:36:38.165 [main] INFO  testCases.TC002_LoginTest - Clicking on Login Button
12:36:38.789 [main] INFO  testCases.TC002_LoginTest - Checking My Account Page Exists or Not
12:38:09.275 [main] DEBUG org.testng.TestNG - suiteXmlPath: "D:\Java\seleniumwebdriver\OpencartV121\grouping.xml"
12:38:09.492 [main] INFO  org.testng.internal.Utils - [TestNG] Running:
  D:\Java\seleniumwebdriver\OpencartV121\grouping.xml

12:38:13.123 [main] INFO  testCases.TC001_AccountRegistrationTest - Executing TC001_AccountRegistrationTest
12:38:13.516 [main] INFO  testCases.TC001_AccountRegistrationTest - Clicked on MyAccount Link...
12:38:13.946 [main] INFO  testCases.TC001_AccountRegistrationTest - Clicked on Account Registration...
12:38:13.949 [main] INFO  testCases.TC001_AccountRegistrationTest - Providing Customer Details...
12:38:15.512 [main] INFO  testCases.TC001_AccountRegistrationTest - Validating Expected Message...
12:38:15.607 [main] INFO  testCases.TC001_AccountRegistrationTest - Finished TC001_AccountRegistrationTest
12:38:18.816 [main] INFO  testCases.TC002_LoginTest - Executing TC002_LoginTest
12:38:19.239 [main] INFO  testCases.TC002_LoginTest - Clicked on MyAccount Link...
12:38:19.567 [main] INFO  testCases.TC002_LoginTest - Clicked on Login Link...
12:38:19.569 [main] INFO  testCases.TC002_LoginTest - Providing EMailID...
12:38:19.741 [main] INFO  testCases.TC002_LoginTest - Providing Password...
12:38:19.802 [main] INFO  testCases.TC002_LoginTest - Clicking on Login Button
12:38:19.855 [main] INFO  testCases.TC002_LoginTest - Checking My Account Page Exists or Not
12:38:20.645 [main] INFO  testCases.TC002_LoginTest - Finished TC002_LoginTest
14:03:54.384 [main] DEBUG org.testng.TestNG - suiteXmlPath: "D:\Java\seleniumwebdriver\OpencartV121\master.xml"
14:03:54.607 [main] INFO  org.testng.internal.Utils - [TestNG] Running:
  D:\Java\seleniumwebdriver\OpencartV121\master.xml

14:04:01.171 [main] INFO  testCases.TC001_AccountRegistrationTest - Executing TC001_AccountRegistrationTest
14:04:01.552 [main] INFO  testCases.TC001_AccountRegistrationTest - Clicked on MyAccount Link...
14:04:01.994 [main] INFO  testCases.TC001_AccountRegistrationTest - Clicked on Account Registration...
14:04:01.996 [main] INFO  testCases.TC001_AccountRegistrationTest - Providing Customer Details...
14:04:03.711 [main] INFO  testCases.TC001_AccountRegistrationTest - Validating Expected Message...
14:04:03.776 [main] INFO  testCases.TC001_AccountRegistrationTest - Finished TC001_AccountRegistrationTest
14:04:06.849 [main] INFO  testCases.TC002_LoginTest - Executing TC002_LoginTest
14:04:07.238 [main] INFO  testCases.TC002_LoginTest - Clicked on MyAccount Link...
14:04:07.573 [main] INFO  testCases.TC002_LoginTest - Clicked on Login Link...
14:04:07.574 [main] INFO  testCases.TC002_LoginTest - Providing EMailID...
14:04:07.738 [main] INFO  testCases.TC002_LoginTest - Providing Password...
14:04:07.802 [main] INFO  testCases.TC002_LoginTest - Clicking on Login Button
14:04:08.584 [main] INFO  testCases.TC002_LoginTest - Checking My Account Page Exists or Not
14:04:08.622 [main] INFO  testCases.TC002_LoginTest - Finished TC002_LoginTest
14:13:40.061 [main] DEBUG org.testng.TestNG - suiteXmlPath: "D:\Java\seleniumwebdriver\OpencartV121\master.xml"
14:13:40.286 [main] INFO  org.testng.internal.Utils - [TestNG] Running:
  D:\Java\seleniumwebdriver\OpencartV121\master.xml

14:13:44.929 [main] INFO  testCases.TC001_AccountRegistrationTest - Executing TC001_AccountRegistrationTest
14:13:45.267 [main] INFO  testCases.TC001_AccountRegistrationTest - Clicked on MyAccount Link...
14:13:45.686 [main] INFO  testCases.TC001_AccountRegistrationTest - Clicked on Account Registration...
14:13:45.696 [main] INFO  testCases.TC001_AccountRegistrationTest - Providing Customer Details...
14:13:47.602 [main] INFO  testCases.TC001_AccountRegistrationTest - Validating Expected Message...
14:13:47.665 [main] INFO  testCases.TC001_AccountRegistrationTest - Finished TC001_AccountRegistrationTest
14:13:50.934 [main] INFO  testCases.TC002_LoginTest - Executing TC002_LoginTest
14:13:51.132 [main] INFO  testCases.TC002_LoginTest - Clicked on MyAccount Link...
14:13:51.471 [main] INFO  testCases.TC002_LoginTest - Clicked on Login Link...
14:13:51.480 [main] INFO  testCases.TC002_LoginTest - Providing EMailID...
14:13:51.677 [main] INFO  testCases.TC002_LoginTest - Providing Password...
14:13:51.750 [main] INFO  testCases.TC002_LoginTest - Clicking on Login Button
14:13:51.806 [main] INFO  testCases.TC002_LoginTest - Checking My Account Page Exists or Not
14:13:52.580 [main] INFO  testCases.TC002_LoginTest - Finished TC002_LoginTest
14:14:06.430 [main] DEBUG org.testng.TestNG - suiteXmlPath: "D:\Java\seleniumwebdriver\OpencartV121\master.xml"
14:14:06.743 [main] INFO  org.testng.internal.Utils - [TestNG] Running:
  D:\Java\seleniumwebdriver\OpencartV121\master.xml

14:14:10.541 [main] INFO  testCases.TC001_AccountRegistrationTest - Executing TC001_AccountRegistrationTest
14:14:10.834 [main] INFO  testCases.TC001_AccountRegistrationTest - Clicked on MyAccount Link...
14:14:11.322 [main] INFO  testCases.TC001_AccountRegistrationTest - Clicked on Account Registration...
14:14:11.326 [main] INFO  testCases.TC001_AccountRegistrationTest - Providing Customer Details...
14:14:12.843 [main] INFO  testCases.TC001_AccountRegistrationTest - Validating Expected Message...
14:14:12.912 [main] INFO  testCases.TC001_AccountRegistrationTest - Finished TC001_AccountRegistrationTest
14:14:16.100 [main] INFO  testCases.TC002_LoginTest - Executing TC002_LoginTest
14:14:16.305 [main] INFO  testCases.TC002_LoginTest - Clicked on MyAccount Link...
14:14:16.603 [main] INFO  testCases.TC002_LoginTest - Clicked on Login Link...
14:14:16.606 [main] INFO  testCases.TC002_LoginTest - Providing EMailID...
14:14:16.787 [main] INFO  testCases.TC002_LoginTest - Providing Password...
14:14:16.858 [main] INFO  testCases.TC002_LoginTest - Clicking on Login Button
14:14:16.932 [main] INFO  testCases.TC002_LoginTest - Checking My Account Page Exists or Not
14:14:17.681 [main] INFO  testCases.TC002_LoginTest - Finished TC002_LoginTest
14:14:28.966 [main] DEBUG org.testng.TestNG - suiteXmlPath: "D:\Java\seleniumwebdriver\OpencartV121\master.xml"
14:14:29.191 [main] INFO  org.testng.internal.Utils - [TestNG] Running:
  D:\Java\seleniumwebdriver\OpencartV121\master.xml

14:14:33.257 [main] INFO  testCases.TC001_AccountRegistrationTest - Executing TC001_AccountRegistrationTest
14:14:33.445 [main] INFO  testCases.TC001_AccountRegistrationTest - Clicked on MyAccount Link...
14:14:33.921 [main] INFO  testCases.TC001_AccountRegistrationTest - Clicked on Account Registration...
14:14:33.926 [main] INFO  testCases.TC001_AccountRegistrationTest - Providing Customer Details...
14:14:35.528 [main] INFO  testCases.TC001_AccountRegistrationTest - Validating Expected Message...
14:14:35.595 [main] INFO  testCases.TC001_AccountRegistrationTest - Finished TC001_AccountRegistrationTest
14:14:39.683 [main] INFO  testCases.TC002_LoginTest - Executing TC002_LoginTest
14:14:40.004 [main] INFO  testCases.TC002_LoginTest - Clicked on MyAccount Link...
14:14:40.332 [main] INFO  testCases.TC002_LoginTest - Clicked on Login Link...
14:14:40.350 [main] INFO  testCases.TC002_LoginTest - Providing EMailID...
14:14:40.618 [main] INFO  testCases.TC002_LoginTest - Providing Password...
14:14:40.765 [main] INFO  testCases.TC002_LoginTest - Clicking on Login Button
14:14:41.534 [main] INFO  testCases.TC002_LoginTest - Checking My Account Page Exists or Not
14:14:41.598 [main] INFO  testCases.TC002_LoginTest - Finished TC002_LoginTest
18:15:59.729 [main] DEBUG org.testng.TestNG - suiteXmlPath: "D:\Java\seleniumwebdriver\OpencartV121\master.xml"
18:16:00.014 [main] INFO  org.testng.internal.Utils - [TestNG] Running:
  D:\Java\seleniumwebdriver\OpencartV121\master.xml

18:16:06.023 [main] INFO  testCases.TC001_AccountRegistrationTest - Executing TC001_AccountRegistrationTest
18:16:06.433 [main] INFO  testCases.TC001_AccountRegistrationTest - Clicked on MyAccount Link...
18:16:07.133 [main] INFO  testCases.TC001_AccountRegistrationTest - Clicked on Account Registration...
18:16:07.140 [main] INFO  testCases.TC001_AccountRegistrationTest - Providing Customer Details...
18:16:09.012 [main] INFO  testCases.TC001_AccountRegistrationTest - Validating Expected Message...
18:16:09.062 [main] INFO  testCases.TC001_AccountRegistrationTest - Finished TC001_AccountRegistrationTest
18:16:13.166 [main] INFO  testCases.TC002_LoginTest - Executing TC002_LoginTest
18:16:13.569 [main] INFO  testCases.TC002_LoginTest - Clicked on MyAccount Link...
18:16:13.868 [main] INFO  testCases.TC002_LoginTest - Clicked on Login Link...
